<?xml version="1.0" encoding="UTF-8"?>
<!-- Generated by org.testng.reporters.JUnitXMLReporter -->
<testsuite ignored="0" hostname="DESKTOP-297RODD" failures="0" tests="12" name="Tuturials Ninja Test" time="96.159" errors="0" timestamp="2025-05-06T18:03:37 IST">
  <testcase classname="com.tutorialsninja.qa.testcase.Register" name="verifyRegisteringAccountWithMandatoryFields" time="2.561"/>
  <testcase classname="com.tutorialsninja.qa.testcase.Register" name="verifyRegisteringAccountByProvidingAllFields" time="2.888"/>
  <testcase classname="com.tutorialsninja.qa.testcase.Register" name="verifyRegisteringAccountWithExistingEmailAddress" time="2.683"/>
  <testcase classname="com.tutorialsninja.qa.testcase.Register" name="verifyRegisteringAccountWithoutFillingDetails" time="1.353"/>
  <testcase classname="com.tutorialsninja.qa.testcase.Login" name="verifyLoginWithValidCredentials" time="1.255"/>
  <testcase classname="com.tutorialsninja.qa.testcase.Login" name="verifyLoginwithInvalidCredentials" time="1.19"/>
  <testcase classname="com.tutorialsninja.qa.testcase.Login" name="verifyLoginWithInvalidEmailAndValidPassword" time="1.283"/>
  <testcase classname="com.tutorialsninja.qa.testcase.Login" name="verifyLoginWithValidEmailAndInvalidPassword" time="1.236"/>
  <testcase classname="com.tutorialsninja.qa.testcase.Login" name="verifyLoginWithWithoutProvideCredentials" time="1.142"/>
  <testcase classname="com.tutorialsninja.qa.testcase.Search" name="verifySearchWithValidProduct" time="0.756"/>
  <testcase classname="com.tutorialsninja.qa.testcase.Search" name="verifySearchWithInvalidProduct" time="0.7"/>
  <testcase classname="com.tutorialsninja.qa.testcase.Search" name="searchWithoutAnyProduct" time="0.717"/>
</testsuite> <!-- Tuturials Ninja Test -->
