<?xml version="1.0" encoding="UTF-8"?>
<testng-results ignored="0" total="1" passed="1" failed="0" skipped="0">
  <reporter-output>
  </reporter-output>
  <suite started-at="2025-04-03T04:34:59 IST" name="Suite" finished-at="2025-04-03T04:35:07 IST" duration-ms="7329">
    <groups>
    </groups>
    <test started-at="2025-04-03T04:34:59 IST" name="Test" finished-at="2025-04-03T04:35:07 IST" duration-ms="7329">
      <class name="Parameters.Params">
        <test-method signature="Login(java.lang.String,java.lang.String,java.lang.String)[pri:0, instance:Parameters.Params@3590fc5b]" started-at="2025-04-03T04:35:00 IST" name="Login" finished-at="2025-04-03T04:35:07 IST" duration-ms="7225" status="PASS">
          <params>
            <param index="0">
              <value>
                <![CDATA[https://tutorialsninja.com/demo/]]>
              </value>
            </param>
            <param index="1">
              <value>
                <![CDATA[pariharsatish32@gmail.com]]>
              </value>
            </param>
            <param index="2">
              <value>
                <![CDATA[12345]]>
              </value>
            </param>
          </params>
          <reporter-output>
          </reporter-output>
        </test-method> <!-- Login -->
      </class> <!-- Parameters.Params -->
    </test> <!-- Test -->
  </suite> <!-- Suite -->
</testng-results>
