<?xml version="1.0" encoding="UTF-8"?>
<!-- Generated by org.testng.reporters.JUnitXMLReporter -->
<testsuite ignored="0" hostname="DESKTOP-297RODD" failures="0" tests="3" name="Default test" time="24.673" errors="0" timestamp="2025-04-03T16:26:26 IST">
  <testcase classname="testNgParamaterization_DDT.Data_Driven" name="verifyLogin" time="9.34"/>
  <testcase classname="testNgParamaterization_DDT.Data_Driven" name="verifyLogin" time="7.972"/>
  <testcase classname="testNgParamaterization_DDT.Data_Driven" name="verifyLogin" time="7.181"/>
</testsuite> <!-- Default test -->
