<?xml version="1.0" encoding="UTF-8"?>
<!-- Generated by org.testng.reporters.JUnitXMLReporter -->
<testsuite ignored="0" hostname="DESKTOP-297RODD" failures="0" tests="9" name="Test" time="0.112" errors="0" timestamp="2025-04-01T12:10:27 IST">
  <testcase classname="TestNg_XML_File_For_batch_execution.ClassA" name="methodAOne" time="0.011"/>
  <testcase classname="TestNg_XML_File_For_batch_execution.ClassA" name="methodATwo" time="0.003"/>
  <testcase classname="TestNg_XML_File_For_batch_execution.ClassA" name="methodAThree" time="0.003"/>
  <testcase classname="TestNg_XML_File_For_batch_execution.ClassB" name="methodBOne" time="0.002"/>
  <testcase classname="TestNg_XML_File_For_batch_execution.ClassB" name="methodBTwo" time="0.001"/>
  <testcase classname="TestNg_XML_File_For_batch_execution.ClassB" name="methodBThree" time="0.001"/>
  <testcase classname="TestNg_XML_File_For_batch_execution.ClassB" name="methodBFour" time="0.002"/>
  <testcase classname="TestNg_XML_File_For_batch_execution.ClassC" name="methodCOne" time="0.001"/>
  <testcase classname="TestNg_XML_File_For_batch_execution.ClassC" name="methodCTwo" time="0.002"/>
</testsuite> <!-- Test -->
