<?xml version="1.0" encoding="UTF-8"?>
<testng-results ignored="0" total="3" passed="3" failed="0" skipped="0">
  <reporter-output>
  </reporter-output>
  <suite started-at="2025-04-03T16:26:01 IST" name="Default suite" finished-at="2025-04-03T16:26:26 IST" duration-ms="24673">
    <groups>
    </groups>
    <test started-at="2025-04-03T16:26:01 IST" name="Default test" finished-at="2025-04-03T16:26:26 IST" duration-ms="24673">
      <class name="testNgParamaterization_DDT.Data_Driven">
        <test-method signature="verifyLogin(java.lang.String,java.lang.String)[pri:0, instance:testNgParamaterization_DDT.Data_Driven@6c80d78a]" started-at="2025-04-03T16:26:01 IST" name="verifyLogin" data-provider="DataSupplier" finished-at="2025-04-03T16:26:11 IST" duration-ms="9340" status="PASS">
          <params>
            <param index="0">
              <value>
                <![CDATA[pariharsatish32@gmail.com]]>
              </value>
            </param>
            <param index="1">
              <value>
                <![CDATA[12345]]>
              </value>
            </param>
          </params>
          <reporter-output>
          </reporter-output>
        </test-method> <!-- verifyLogin -->
        <test-method signature="verifyLogin(java.lang.String,java.lang.String)[pri:0, instance:testNgParamaterization_DDT.Data_Driven@6c80d78a]" started-at="2025-04-03T16:26:11 IST" name="verifyLogin" data-provider="DataSupplier" finished-at="2025-04-03T16:26:19 IST" duration-ms="7972" status="PASS">
          <params>
            <param index="0">
              <value>
                <![CDATA[pariharsatish123@gmail.com]]>
              </value>
            </param>
            <param index="1">
              <value>
                <![CDATA[12345]]>
              </value>
            </param>
          </params>
          <reporter-output>
          </reporter-output>
        </test-method> <!-- verifyLogin -->
        <test-method signature="verifyLogin(java.lang.String,java.lang.String)[pri:0, instance:testNgParamaterization_DDT.Data_Driven@6c80d78a]" started-at="2025-04-03T16:26:19 IST" name="verifyLogin" data-provider="DataSupplier" finished-at="2025-04-03T16:26:26 IST" duration-ms="7181" status="PASS">
          <params>
            <param index="0">
              <value>
                <![CDATA[pariharsatish1234@gmail.com]]>
              </value>
            </param>
            <param index="1">
              <value>
                <![CDATA[12345]]>
              </value>
            </param>
          </params>
          <reporter-output>
          </reporter-output>
        </test-method> <!-- verifyLogin -->
      </class> <!-- testNgParamaterization_DDT.Data_Driven -->
    </test> <!-- Default test -->
  </suite> <!-- Default suite -->
</testng-results>
