<?xml version="1.0" encoding="UTF-8"?>
<testng-results ignored="8" total="12" passed="4" failed="0" skipped="0">
  <reporter-output>
  </reporter-output>
  <suite started-at="2025-04-03T10:49:00 IST" name="Suite" finished-at="2025-04-03T10:49:00 IST" duration-ms="305">
    <groups>
      <group name="all">
        <method signature="Register.RegisterByProvidingMandatoryFields()[pri:1, instance:Test_Cases.Register@65fb9ffc]" name="RegisterByProvidingMandatoryFields" class="Test_Cases.Register"/>
        <method signature="Login.loginWithValidCredentials()[pri:1, instance:Test_Cases.Login@2cd76f31]" name="loginWithValidCredentials" class="Test_Cases.Login"/>
        <method signature="Login.loginWithInvalidCredentaials()[pri:4, instance:Test_Cases.Login@2cd76f31]" name="loginWithInvalidCredentaials" class="Test_Cases.Login"/>
        <method signature="Search.SearchForValidProduct()[pri:1, instance:Test_Cases.Search@6ad82709]" name="SearchForValidProduct" class="Test_Cases.Search"/>
      </group> <!-- all -->
      <group name="search">
        <method signature="Search.SearchForValidProduct()[pri:1, instance:Test_Cases.Search@6ad82709]" name="SearchForValidProduct" class="Test_Cases.Search"/>
      </group> <!-- search -->
      <group name="regression">
        <method signature="Register.RegisterByProvidingMandatoryFields()[pri:1, instance:Test_Cases.Register@65fb9ffc]" name="RegisterByProvidingMandatoryFields" class="Test_Cases.Register"/>
        <method signature="Login.loginWithValidCredentials()[pri:1, instance:Test_Cases.Login@2cd76f31]" name="loginWithValidCredentials" class="Test_Cases.Login"/>
        <method signature="Login.loginWithInvalidCredentaials()[pri:4, instance:Test_Cases.Login@2cd76f31]" name="loginWithInvalidCredentaials" class="Test_Cases.Login"/>
        <method signature="Search.SearchForValidProduct()[pri:1, instance:Test_Cases.Search@6ad82709]" name="SearchForValidProduct" class="Test_Cases.Search"/>
      </group> <!-- regression -->
      <group name="smoke">
        <method signature="Register.RegisterByProvidingMandatoryFields()[pri:1, instance:Test_Cases.Register@65fb9ffc]" name="RegisterByProvidingMandatoryFields" class="Test_Cases.Register"/>
        <method signature="Login.loginWithValidCredentials()[pri:1, instance:Test_Cases.Login@2cd76f31]" name="loginWithValidCredentials" class="Test_Cases.Login"/>
        <method signature="Login.loginWithInvalidCredentaials()[pri:4, instance:Test_Cases.Login@2cd76f31]" name="loginWithInvalidCredentaials" class="Test_Cases.Login"/>
        <method signature="Search.SearchForValidProduct()[pri:1, instance:Test_Cases.Search@6ad82709]" name="SearchForValidProduct" class="Test_Cases.Search"/>
      </group> <!-- smoke -->
      <group name="sanity">
        <method signature="Register.RegisterByProvidingMandatoryFields()[pri:1, instance:Test_Cases.Register@65fb9ffc]" name="RegisterByProvidingMandatoryFields" class="Test_Cases.Register"/>
        <method signature="Login.loginWithValidCredentials()[pri:1, instance:Test_Cases.Login@2cd76f31]" name="loginWithValidCredentials" class="Test_Cases.Login"/>
        <method signature="Login.loginWithInvalidCredentaials()[pri:4, instance:Test_Cases.Login@2cd76f31]" name="loginWithInvalidCredentaials" class="Test_Cases.Login"/>
        <method signature="Search.SearchForValidProduct()[pri:1, instance:Test_Cases.Search@6ad82709]" name="SearchForValidProduct" class="Test_Cases.Search"/>
      </group> <!-- sanity -->
      <group name="login">
        <method signature="Login.loginWithValidCredentials()[pri:1, instance:Test_Cases.Login@2cd76f31]" name="loginWithValidCredentials" class="Test_Cases.Login"/>
        <method signature="Login.loginWithInvalidCredentaials()[pri:4, instance:Test_Cases.Login@2cd76f31]" name="loginWithInvalidCredentaials" class="Test_Cases.Login"/>
      </group> <!-- login -->
      <group name="register">
        <method signature="Register.RegisterByProvidingMandatoryFields()[pri:1, instance:Test_Cases.Register@65fb9ffc]" name="RegisterByProvidingMandatoryFields" class="Test_Cases.Register"/>
      </group> <!-- register -->
    </groups>
    <test started-at="2025-04-03T10:49:00 IST" name="RegisterTest" finished-at="2025-04-03T10:49:00 IST" duration-ms="121">
      <class name="Test_Cases.Register">
        <test-method signature="RegisterByProvidingMandatoryFields()[pri:1, instance:Test_Cases.Register@65fb9ffc]" started-at="2025-04-03T10:49:00 IST" name="RegisterByProvidingMandatoryFields" finished-at="2025-04-03T10:49:00 IST" duration-ms="17" status="PASS">
          <reporter-output>
          </reporter-output>
        </test-method> <!-- RegisterByProvidingMandatoryFields -->
      </class> <!-- Test_Cases.Register -->
    </test> <!-- RegisterTest -->
    <test started-at="2025-04-03T10:49:00 IST" name="LoginTest" finished-at="2025-04-03T10:49:00 IST" duration-ms="26">
      <class name="Test_Cases.Login">
        <test-method signature="loginWithValidCredentials()[pri:1, instance:Test_Cases.Login@2cd76f31]" started-at="2025-04-03T10:49:00 IST" name="loginWithValidCredentials" finished-at="2025-04-03T10:49:00 IST" duration-ms="5" status="PASS">
          <reporter-output>
          </reporter-output>
        </test-method> <!-- loginWithValidCredentials -->
        <test-method signature="loginWithInvalidCredentaials()[pri:4, instance:Test_Cases.Login@2cd76f31]" started-at="2025-04-03T10:49:00 IST" name="loginWithInvalidCredentaials" finished-at="2025-04-03T10:49:00 IST" duration-ms="4" status="PASS">
          <reporter-output>
          </reporter-output>
        </test-method> <!-- loginWithInvalidCredentaials -->
      </class> <!-- Test_Cases.Login -->
    </test> <!-- LoginTest -->
    <test started-at="2025-04-03T10:49:00 IST" name="SearchTest" finished-at="2025-04-03T10:49:00 IST" duration-ms="13">
      <class name="Test_Cases.Search">
        <test-method signature="SearchForValidProduct()[pri:1, instance:Test_Cases.Search@6ad82709]" started-at="2025-04-03T10:49:00 IST" name="SearchForValidProduct" finished-at="2025-04-03T10:49:00 IST" duration-ms="2" status="PASS">
          <reporter-output>
          </reporter-output>
        </test-method> <!-- SearchForValidProduct -->
      </class> <!-- Test_Cases.Search -->
    </test> <!-- SearchTest -->
  </suite> <!-- Suite -->
</testng-results>
