<?xml version="1.0" encoding="UTF-8"?>
<!-- Generated by org.testng.reporters.JUnitXMLReporter -->
<testsuite ignored="0" hostname="DESKTOP-297RODD" failures="0" tests="4" name="Default test" time="43.383" errors="0" timestamp="2025-04-04T14:52:28 IST">
  <testcase classname="data_provider_POI_excel.Reading_data_from_excel_data_provider_using_poi" name="loginTest" time="41.735"/>
  <testcase classname="data_provider_POI_excel.Reading_data_from_excel_data_provider_using_poi" name="loginTest" time="41.847"/>
  <testcase classname="data_provider_POI_excel.Reading_data_from_excel_data_provider_using_poi" name="loginTest" time="42.203"/>
  <testcase classname="data_provider_POI_excel.Reading_data_from_excel_data_provider_using_poi" name="loginTest" time="42.091"/>
</testsuite> <!-- Default test -->
