<?xml version="1.0" encoding="UTF-8"?>
<!-- Generated by org.testng.reporters.JUnitXMLReporter -->
<testsuite ignored="0" hostname="Satish" failures="0" tests="5" name="Test" time="0.141" errors="0" timestamp="2025-04-03T05:19:43 IST">
  <testcase classname="Package_Level_Annotations.ClassA" name="methodAOne" time="0.021"/>
  <testcase classname="Package_Level_Annotations.ClassA" name="methodATwo" time="0.003"/>
  <testcase classname="Package_Level_Annotations.ClassA" name="methodAThree" time="0.006"/>
  <testcase classname="Package_Level_Annotations.ClassB" name="methodBOne" time="0.004"/>
  <testcase classname="Package_Level_Annotations.ClassB" name="methodBTwo" time="0.005"/>
</testsuite> <!-- Test -->
