<?xml version="1.0" encoding="UTF-8"?>
<testng-results ignored="0" total="5" passed="5" failed="0" skipped="0">
  <reporter-output>
  </reporter-output>
  <suite started-at="2025-04-03T05:19:43 IST" name="Suite" finished-at="2025-04-03T05:19:43 IST" duration-ms="141">
    <groups>
    </groups>
    <test started-at="2025-04-03T05:19:43 IST" name="Test" finished-at="2025-04-03T05:19:43 IST" duration-ms="141">
      <class name="Package_Level_Annotations.ClassA">
        <test-method signature="methodAOne()[pri:1, instance:Package_Level_Annotations.ClassA@7ce3cb8e]" started-at="2025-04-03T05:19:43 IST" name="methodAOne" finished-at="2025-04-03T05:19:43 IST" duration-ms="21" status="PASS">
          <reporter-output>
          </reporter-output>
        </test-method> <!-- methodAOne -->
        <test-method signature="methodATwo()[pri:2, instance:Package_Level_Annotations.ClassA@7ce3cb8e]" started-at="2025-04-03T05:19:43 IST" name="methodATwo" finished-at="2025-04-03T05:19:43 IST" duration-ms="3" status="PASS">
          <reporter-output>
          </reporter-output>
        </test-method> <!-- methodATwo -->
        <test-method signature="methodAThree()[pri:3, instance:Package_Level_Annotations.ClassA@7ce3cb8e]" started-at="2025-04-03T05:19:43 IST" name="methodAThree" finished-at="2025-04-03T05:19:43 IST" duration-ms="6" status="PASS">
          <reporter-output>
          </reporter-output>
        </test-method> <!-- methodAThree -->
      </class> <!-- Package_Level_Annotations.ClassA -->
      <class name="Package_Level_Annotations.ClassB">
        <test-method signature="methodBOne()[pri:1, instance:Package_Level_Annotations.ClassB@35047d03]" started-at="2025-04-03T05:19:43 IST" name="methodBOne" finished-at="2025-04-03T05:19:43 IST" duration-ms="4" status="PASS">
          <reporter-output>
          </reporter-output>
        </test-method> <!-- methodBOne -->
        <test-method signature="methodBTwo()[pri:2, instance:Package_Level_Annotations.ClassB@35047d03]" started-at="2025-04-03T05:19:43 IST" name="methodBTwo" finished-at="2025-04-03T05:19:43 IST" duration-ms="5" status="PASS">
          <reporter-output>
          </reporter-output>
        </test-method> <!-- methodBTwo -->
      </class> <!-- Package_Level_Annotations.ClassB -->
    </test> <!-- Test -->
  </suite> <!-- Suite -->
</testng-results>
