<?xml version="1.0" encoding="UTF-8"?>
<testng-results ignored="0" total="1" passed="1" failed="0" skipped="0">
  <reporter-output>
  </reporter-output>
  <suite started-at="2025-04-01T17:04:30 IST" name="Default suite" finished-at="2025-04-01T17:05:03 IST" duration-ms="33794">
    <groups>
    </groups>
    <test started-at="2025-04-01T17:04:30 IST" name="Default test" finished-at="2025-04-01T17:05:03 IST" duration-ms="33794">
      <class name="assertion_in_testNG.Assertion_In_TestNG">
        <test-method signature="sampleMethod_1()[pri:1, instance:assertion_in_testNG.Assertion_In_TestNG@55b7a4e0]" started-at="2025-04-01T17:04:30 IST" name="sampleMethod_1" finished-at="2025-04-01T17:05:03 IST" duration-ms="33696" status="PASS">
          <reporter-output>
          </reporter-output>
        </test-method> <!-- sampleMethod_1 -->
      </class> <!-- assertion_in_testNG.Assertion_In_TestNG -->
    </test> <!-- Default test -->
  </suite> <!-- Default suite -->
</testng-results>
