<?xml version="1.0" encoding="UTF-8"?>
<testng-results ignored="0" total="2" passed="2" failed="0" skipped="0">
  <reporter-output>
  </reporter-output>
  <suite started-at="2025-04-04T06:38:03 IST" name="Default suite" finished-at="2025-04-04T06:38:03 IST" duration-ms="112">
    <groups>
    </groups>
    <test started-at="2025-04-04T06:38:03 IST" name="Default test" finished-at="2025-04-04T06:38:03 IST" duration-ms="112">
      <class name="Partially_passing_data_from_DataProvider">
        <test-method signature="sampleTest(java.lang.String)[pri:0, instance:Partially_passing_data_from_DataProvider@4a22f9e2]" started-at="2025-04-04T06:38:03 IST" name="sampleTest" data-provider="supplier" finished-at="2025-04-04T06:38:03 IST" duration-ms="20" status="PASS">
          <params>
            <param index="0">
              <value>
                <![CDATA[Satish]]>
              </value>
            </param>
          </params>
          <reporter-output>
          </reporter-output>
        </test-method> <!-- sampleTest -->
        <test-method signature="sampleTest(java.lang.String)[pri:0, instance:Partially_passing_data_from_DataProvider@4a22f9e2]" started-at="2025-04-04T06:38:03 IST" name="sampleTest" data-provider="supplier" finished-at="2025-04-04T06:38:03 IST" duration-ms="2" status="PASS">
          <params>
            <param index="0">
              <value>
                <![CDATA[Tejas]]>
              </value>
            </param>
          </params>
          <reporter-output>
          </reporter-output>
        </test-method> <!-- sampleTest -->
      </class> <!-- Partially_passing_data_from_DataProvider -->
    </test> <!-- Default test -->
  </suite> <!-- Default suite -->
</testng-results>
