<?xml version="1.0" encoding="UTF-8"?>
<!-- Generated by org.testng.reporters.JUnitXMLReporter -->
<testsuite ignored="0" hostname="DESKTOP-297RODD" failures="0" tests="3" name="Default test" time="18.234" errors="0" timestamp="2025-04-11T16:15:34 IST">
  <testcase classname="TutorialsNinja_Test_Cases.Search" name="verifySearchWithValidProduct" time="0.665"/>
  <testcase classname="TutorialsNinja_Test_Cases.Search" name="verifySearchWithInvalidProduct" time="0.494"/>
  <testcase classname="TutorialsNinja_Test_Cases.Search" name="verifySearchWithWithoutAnyProduct" time="1.383"/>
</testsuite> <!-- Default test -->
