<?xml version="1.0" encoding="UTF-8"?>
<!-- Generated by org.testng.reporters.JUnitXMLReporter -->
<testsuite ignored="4" hostname="Satish" failures="0" tests="1" name="Default test" time="7.939" errors="0" timestamp="2025-04-13T12:52:37 IST">
  <testcase classname="TutorialsNinja_Test_Cases.Login" name="verifyLoginWithInvalidCredentials" time="1.859"/>
  <testcase classname="TutorialsNinja_Test_Cases.Login" name="verifyLoginWithInvalidEmailAndValidPassword" time="0.0">
    <ignored/>
  </testcase> <!-- verifyLoginWithInvalidEmailAndValidPassword -->
  <testcase classname="TutorialsNinja_Test_Cases.Login" name="verifyLoginWithBlankCredentials" time="0.0">
    <ignored/>
  </testcase> <!-- verifyLoginWithBlankCredentials -->
  <testcase classname="TutorialsNinja_Test_Cases.Login" name="verifyLoginWithValidEmailAndInvalidPassword" time="0.0">
    <ignored/>
  </testcase> <!-- verifyLoginWithValidEmailAndInvalidPassword -->
  <testcase classname="TutorialsNinja_Test_Cases.Login" name="verifyLoginWithValidCredentials" time="0.0">
    <ignored/>
  </testcase> <!-- verifyLoginWithValidCredentials -->
</testsuite> <!-- Default test -->
