<?xml version="1.0" encoding="UTF-8"?>
<testng-results ignored="0" total="9" passed="9" failed="0" skipped="0">
  <reporter-output>
  </reporter-output>
  <suite started-at="2025-04-01T12:48:40 IST" name="Suite" finished-at="2025-04-01T12:48:41 IST" duration-ms="135">
    <groups>
    </groups>
    <test started-at="2025-04-01T12:48:40 IST" name="satish" finished-at="2025-04-01T12:48:41 IST" duration-ms="135">
      <class name="TestNg_XML_File_For_batch_execution.ClassC">
        <test-method signature="methodCOne()[pri:1, instance:TestNg_XML_File_For_batch_execution.ClassC@769f71a9]" started-at="2025-04-01T12:48:40 IST" name="methodCOne" finished-at="2025-04-01T12:48:40 IST" duration-ms="10" status="PASS">
          <reporter-output>
          </reporter-output>
        </test-method> <!-- methodCOne -->
        <test-method signature="methodCTwo()[pri:2, instance:TestNg_XML_File_For_batch_execution.ClassC@769f71a9]" started-at="2025-04-01T12:48:40 IST" name="methodCTwo" finished-at="2025-04-01T12:48:40 IST" duration-ms="3" status="PASS">
          <reporter-output>
          </reporter-output>
        </test-method> <!-- methodCTwo -->
      </class> <!-- TestNg_XML_File_For_batch_execution.ClassC -->
      <class name="TestNg_XML_File_For_batch_execution.ClassB">
        <test-method signature="methodBOne()[pri:1, instance:TestNg_XML_File_For_batch_execution.ClassB@2e4b8173]" started-at="2025-04-01T12:48:41 IST" name="methodBOne" finished-at="2025-04-01T12:48:41 IST" duration-ms="3" status="PASS">
          <reporter-output>
          </reporter-output>
        </test-method> <!-- methodBOne -->
        <test-method signature="methodBTwo()[pri:2, instance:TestNg_XML_File_For_batch_execution.ClassB@2e4b8173]" started-at="2025-04-01T12:48:41 IST" name="methodBTwo" finished-at="2025-04-01T12:48:41 IST" duration-ms="5" status="PASS">
          <reporter-output>
          </reporter-output>
        </test-method> <!-- methodBTwo -->
        <test-method signature="methodBThree()[pri:3, instance:TestNg_XML_File_For_batch_execution.ClassB@2e4b8173]" started-at="2025-04-01T12:48:41 IST" name="methodBThree" finished-at="2025-04-01T12:48:41 IST" duration-ms="1" status="PASS">
          <reporter-output>
          </reporter-output>
        </test-method> <!-- methodBThree -->
        <test-method signature="methodBFour()[pri:4, instance:TestNg_XML_File_For_batch_execution.ClassB@2e4b8173]" started-at="2025-04-01T12:48:41 IST" name="methodBFour" finished-at="2025-04-01T12:48:41 IST" duration-ms="2" status="PASS">
          <reporter-output>
          </reporter-output>
        </test-method> <!-- methodBFour -->
      </class> <!-- TestNg_XML_File_For_batch_execution.ClassB -->
      <class name="TestNg_XML_File_For_batch_execution.ClassA">
        <test-method signature="methodAOne()[pri:1, instance:TestNg_XML_File_For_batch_execution.ClassA@5bd03f44]" started-at="2025-04-01T12:48:41 IST" name="methodAOne" finished-at="2025-04-01T12:48:41 IST" duration-ms="6" status="PASS">
          <reporter-output>
          </reporter-output>
        </test-method> <!-- methodAOne -->
        <test-method signature="methodATwo()[pri:2, instance:TestNg_XML_File_For_batch_execution.ClassA@5bd03f44]" started-at="2025-04-01T12:48:41 IST" name="methodATwo" finished-at="2025-04-01T12:48:41 IST" duration-ms="2" status="PASS">
          <reporter-output>
          </reporter-output>
        </test-method> <!-- methodATwo -->
        <test-method signature="methodAThree()[pri:3, instance:TestNg_XML_File_For_batch_execution.ClassA@5bd03f44]" started-at="2025-04-01T12:48:41 IST" name="methodAThree" finished-at="2025-04-01T12:48:41 IST" duration-ms="3" status="PASS">
          <reporter-output>
          </reporter-output>
        </test-method> <!-- methodAThree -->
      </class> <!-- TestNg_XML_File_For_batch_execution.ClassA -->
    </test> <!-- satish -->
  </suite> <!-- Suite -->
</testng-results>
