<?xml version="1.0" encoding="UTF-8"?>
<!-- Generated by org.testng.reporters.JUnitXMLReporter -->
<testsuite ignored="3" hostname="DESKTOP-297RODD" failures="0" tests="2" name="LoginTest" time="0.026" errors="0" timestamp="2025-04-03T10:49:00 IST">
  <testcase classname="Test_Cases.Login" name="loginWithValidCredentials" time="0.005"/>
  <testcase classname="Test_Cases.Login" name="loginWithInvalidCredentaials" time="0.004"/>
  <testcase classname="Test_Cases.Login" name="loginWithValidEmailAndInvalidPassword" time="0.0">
    <ignored/>
  </testcase> <!-- loginWithValidEmailAndInvalidPassword -->
  <testcase classname="Test_Cases.Login" name="loginWithoutProvidingCredentials" time="0.0">
    <ignored/>
  </testcase> <!-- loginWithoutProvidingCredentials -->
  <testcase classname="Test_Cases.Login" name="loginWithInvalidEmailAndValidPassword" time="0.0">
    <ignored/>
  </testcase> <!-- loginWithInvalidEmailAndValidPassword -->
</testsuite> <!-- LoginTest -->
