<?xml version="1.0" encoding="UTF-8"?>
<!-- Generated by org.testng.reporters.JUnitXMLReporter -->
<testsuite ignored="3" hostname="DESKTOP-297RODD" failures="0" tests="1" name="RegisterTest" time="0.121" errors="0" timestamp="2025-04-03T10:49:00 IST">
  <testcase classname="Test_Cases.Register" name="RegisterByProvidingMandatoryFields" time="0.017"/>
  <testcase classname="Test_Cases.Register" name="RegisterByProvidingAllFields" time="0.0">
    <ignored/>
  </testcase> <!-- RegisterByProvidingAllFields -->
  <testcase classname="Test_Cases.Register" name="RegisterByNotProvidingAnyFields" time="0.0">
    <ignored/>
  </testcase> <!-- RegisterByNotProvidingAnyFields -->
  <testcase classname="Test_Cases.Register" name="RegisterByProvidingDuplicateEmailAddress" time="0.0">
    <ignored/>
  </testcase> <!-- RegisterByProvidingDuplicateEmailAddress -->
</testsuite> <!-- RegisterTest -->
