<?xml version="1.0" encoding="UTF-8"?>
<!-- Generated by org.testng.reporters.JUnitXMLReporter -->
<testsuite ignored="2" hostname="DESKTOP-297RODD" failures="0" tests="1" name="SearchTest" time="0.013" errors="0" timestamp="2025-04-03T10:49:00 IST">
  <testcase classname="Test_Cases.Search" name="SearchForValidProduct" time="0.002"/>
  <testcase classname="Test_Cases.Search" name="SearchWithoutAnySearchTeams" time="0.0">
    <ignored/>
  </testcase> <!-- SearchWithoutAnySearchTeams -->
  <testcase classname="Test_Cases.Search" name="SearchForAnInValidProduct" time="0.0">
    <ignored/>
  </testcase> <!-- SearchForAnInValidProduct -->
</testsuite> <!-- SearchTest -->
