<?xml version="1.0" encoding="UTF-8"?>
<!-- Generated by org.testng.reporters.JUnitXMLReporter -->
<testsuite ignored="0" hostname="DESKTOP-297RODD" failures="0" tests="12" name="Test" time="0.461" errors="0" timestamp="2025-04-03T10:33:16 IST">
  <testcase classname="Test_Cases.Register" name="RegisterByProvidingMandatoryFields" time="0.022"/>
  <testcase classname="Test_Cases.Register" name="RegisterByProvidingAllFields" time="0.008"/>
  <testcase classname="Test_Cases.Register" name="RegisterByNotProvidingAnyFields" time="0.005"/>
  <testcase classname="Test_Cases.Register" name="RegisterByProvidingDuplicateEmailAddress" time="0.007"/>
  <testcase classname="Test_Cases.Login" name="loginWithValidCredentials" time="0.004"/>
  <testcase classname="Test_Cases.Login" name="loginWithValidEmailAndInvalidPassword" time="0.03"/>
  <testcase classname="Test_Cases.Login" name="loginWithInvalidEmailAndValidPassword" time="0.01"/>
  <testcase classname="Test_Cases.Login" name="loginWithInvalidCredentaials" time="0.009"/>
  <testcase classname="Test_Cases.Login" name="loginWithoutProvidingCredentials" time="0.004"/>
  <testcase classname="Test_Cases.Search" name="SearchForValidProduct" time="0.006"/>
  <testcase classname="Test_Cases.Search" name="SearchForAnInValidProduct" time="0.008"/>
  <testcase classname="Test_Cases.Search" name="SearchWithoutAnySearchTeams" time="0.004"/>
</testsuite> <!-- Test -->
