<?xml version="1.0" encoding="UTF-8"?>
<testng-results ignored="0" total="5" passed="5" failed="0" skipped="0">
  <reporter-output>
  </reporter-output>
  <suite started-at="2025-04-03T06:15:50 IST" name="Suite" finished-at="2025-04-03T06:15:50 IST" duration-ms="119">
    <groups>
    </groups>
    <test started-at="2025-04-03T06:15:50 IST" name="LoginTest" finished-at="2025-04-03T06:15:50 IST" duration-ms="119">
      <class name="Test_Cases.Login">
        <test-method signature="loginWithValidCredentials()[pri:1, instance:Test_Cases.Login@76908cc0]" started-at="2025-04-03T06:15:50 IST" name="loginWithValidCredentials" finished-at="2025-04-03T06:15:50 IST" duration-ms="23" status="PASS">
          <reporter-output>
          </reporter-output>
        </test-method> <!-- loginWithValidCredentials -->
        <test-method signature="loginWithValidEmailAndInvalidPassword()[pri:2, instance:Test_Cases.Login@76908cc0]" started-at="2025-04-03T06:15:50 IST" name="loginWithValidEmailAndInvalidPassword" finished-at="2025-04-03T06:15:50 IST" duration-ms="3" status="PASS">
          <reporter-output>
          </reporter-output>
        </test-method> <!-- loginWithValidEmailAndInvalidPassword -->
        <test-method signature="loginWithInvalidEmailAndValidPassword()[pri:3, instance:Test_Cases.Login@76908cc0]" started-at="2025-04-03T06:15:50 IST" name="loginWithInvalidEmailAndValidPassword" finished-at="2025-04-03T06:15:50 IST" duration-ms="4" status="PASS">
          <reporter-output>
          </reporter-output>
        </test-method> <!-- loginWithInvalidEmailAndValidPassword -->
        <test-method signature="loginWithInvalidCredentaials()[pri:4, instance:Test_Cases.Login@76908cc0]" started-at="2025-04-03T06:15:50 IST" name="loginWithInvalidCredentaials" finished-at="2025-04-03T06:15:50 IST" duration-ms="4" status="PASS">
          <reporter-output>
          </reporter-output>
        </test-method> <!-- loginWithInvalidCredentaials -->
        <test-method signature="loginWithoutProvidingCredentials()[pri:5, instance:Test_Cases.Login@76908cc0]" started-at="2025-04-03T06:15:50 IST" name="loginWithoutProvidingCredentials" finished-at="2025-04-03T06:15:50 IST" duration-ms="2" status="PASS">
          <reporter-output>
          </reporter-output>
        </test-method> <!-- loginWithoutProvidingCredentials -->
      </class> <!-- Test_Cases.Login -->
    </test> <!-- LoginTest -->
  </suite> <!-- Suite -->
</testng-results>
