<?xml version="1.0" encoding="UTF-8"?>
<!-- Generated by org.testng.reporters.JUnitXMLReporter -->
<testsuite ignored="0" hostname="DESKTOP-297RODD" failures="0" tests="3" name="Default test" time="22.582" errors="0" timestamp="2025-05-06T18:00:07 IST">
  <testcase classname="com.tutorialsninja.qa.testcase.Search" name="verifySearchWithValidProduct" time="0.902"/>
  <testcase classname="com.tutorialsninja.qa.testcase.Search" name="verifySearchWithInvalidProduct" time="0.747"/>
  <testcase classname="com.tutorialsninja.qa.testcase.Search" name="searchWithoutAnyProduct" time="0.953"/>
</testsuite> <!-- Default test -->
