<?xml version="1.0" encoding="UTF-8"?>
<!-- Generated by org.testng.reporters.JUnitXMLReporter -->
<testsuite ignored="0" hostname="DESKTOP-297RODD" failures="0" tests="4" name="Default test" time="36.078" errors="0" timestamp="2025-05-05T17:11:23 IST">
  <testcase classname="com.tutorialsninja.qa.testcase.Register" name="verifyRegisteringAccountWithMandatoryFields" time="2.224"/>
  <testcase classname="com.tutorialsninja.qa.testcase.Register" name="verifyRegisteringAccountByProvidingAllFields" time="2.791"/>
  <testcase classname="com.tutorialsninja.qa.testcase.Register" name="verifyRegisteringAccountWithExistingEmailAddress" time="2.605"/>
  <testcase classname="com.tutorialsninja.qa.testcase.Register" name="verifyRegisteringAccountWithoutFillingDetails" time="1.361"/>
</testsuite> <!-- Default test -->
