<?xml version="1.0" encoding="UTF-8"?>
<testng-results ignored="4" total="5" passed="1" failed="0" skipped="0">
  <reporter-output>
  </reporter-output>
  <suite started-at="2025-04-13T12:52:29 IST" name="Default suite" finished-at="2025-04-13T12:52:37 IST" duration-ms="7939">
    <groups>
    </groups>
    <test started-at="2025-04-13T12:52:29 IST" name="Default test" finished-at="2025-04-13T12:52:37 IST" duration-ms="7939">
      <class name="TutorialsNinja_Test_Cases.Login">
        <test-method is-config="true" signature="setup()[pri:0, instance:TutorialsNinja_Test_Cases.Login@4c12331b]" started-at="2025-04-13T12:52:29 IST" name="setup" finished-at="2025-04-13T12:52:33 IST" duration-ms="3868" status="PASS">
          <reporter-output>
          </reporter-output>
        </test-method> <!-- setup -->
        <test-method signature="verifyLoginWithInvalidCredentials()[pri:2, instance:TutorialsNinja_Test_Cases.Login@4c12331b]" started-at="2025-04-13T12:52:33 IST" name="verifyLoginWithInvalidCredentials" finished-at="2025-04-13T12:52:35 IST" duration-ms="1859" status="PASS">
          <reporter-output>
          </reporter-output>
        </test-method> <!-- verifyLoginWithInvalidCredentials -->
        <test-method is-config="true" signature="tearDown()[pri:0, instance:TutorialsNinja_Test_Cases.Login@4c12331b]" started-at="2025-04-13T12:52:35 IST" name="tearDown" finished-at="2025-04-13T12:52:37 IST" duration-ms="2112" status="PASS">
          <reporter-output>
          </reporter-output>
        </test-method> <!-- tearDown -->
      </class> <!-- TutorialsNinja_Test_Cases.Login -->
    </test> <!-- Default test -->
  </suite> <!-- Default suite -->
</testng-results>
