<?xml version="1.0" encoding="UTF-8"?>
<testng-results ignored="0" total="4" passed="4" failed="0" skipped="0">
  <reporter-output>
  </reporter-output>
  <suite started-at="2025-04-04T14:51:45 IST" name="Default suite" finished-at="2025-04-04T14:52:28 IST" duration-ms="43383">
    <groups>
    </groups>
    <test started-at="2025-04-04T14:51:45 IST" name="Default test" finished-at="2025-04-04T14:52:28 IST" duration-ms="43383">
      <class name="data_provider_POI_excel.Reading_data_from_excel_data_provider_using_poi">
        <test-method signature="loginTest(java.lang.String,int)[pri:0, instance:data_provider_POI_excel.Reading_data_from_excel_data_provider_using_poi@36ebc363]" started-at="2025-04-04T14:51:46 IST" name="loginTest" data-provider="supplier" finished-at="2025-04-04T14:52:28 IST" duration-ms="42203" status="PASS">
          <params>
            <param index="0">
              <value>
                <![CDATA[pariharsatish322@gmail.com]]>
              </value>
            </param>
            <param index="1">
              <value>
                <![CDATA[12345]]>
              </value>
            </param>
          </params>
          <reporter-output>
          </reporter-output>
        </test-method> <!-- loginTest -->
        <test-method signature="loginTest(java.lang.String,int)[pri:0, instance:data_provider_POI_excel.Reading_data_from_excel_data_provider_using_poi@36ebc363]" started-at="2025-04-04T14:51:46 IST" name="loginTest" data-provider="supplier" finished-at="2025-04-04T14:52:28 IST" duration-ms="41735" status="PASS">
          <params>
            <param index="0">
              <value>
                <![CDATA[pariharsatish321@gmail.com]]>
              </value>
            </param>
            <param index="1">
              <value>
                <![CDATA[12345]]>
              </value>
            </param>
          </params>
          <reporter-output>
          </reporter-output>
        </test-method> <!-- loginTest -->
        <test-method signature="loginTest(java.lang.String,int)[pri:0, instance:data_provider_POI_excel.Reading_data_from_excel_data_provider_using_poi@36ebc363]" started-at="2025-04-04T14:51:46 IST" name="loginTest" data-provider="supplier" finished-at="2025-04-04T14:52:28 IST" duration-ms="42091" status="PASS">
          <params>
            <param index="0">
              <value>
                <![CDATA[pariharsatish32@gmail.com]]>
              </value>
            </param>
            <param index="1">
              <value>
                <![CDATA[12345]]>
              </value>
            </param>
          </params>
          <reporter-output>
          </reporter-output>
        </test-method> <!-- loginTest -->
        <test-method signature="loginTest(java.lang.String,int)[pri:0, instance:data_provider_POI_excel.Reading_data_from_excel_data_provider_using_poi@36ebc363]" started-at="2025-04-04T14:51:46 IST" name="loginTest" data-provider="supplier" finished-at="2025-04-04T14:52:28 IST" duration-ms="41847" status="PASS">
          <params>
            <param index="0">
              <value>
                <![CDATA[pariharsatish323@gmail.com]]>
              </value>
            </param>
            <param index="1">
              <value>
                <![CDATA[12345]]>
              </value>
            </param>
          </params>
          <reporter-output>
          </reporter-output>
        </test-method> <!-- loginTest -->
      </class> <!-- data_provider_POI_excel.Reading_data_from_excel_data_provider_using_poi -->
    </test> <!-- Default test -->
  </suite> <!-- Default suite -->
</testng-results>
