<?xml version="1.0" encoding="UTF-8"?>
<!-- Generated by org.testng.reporters.JUnitXMLReporter -->
<testsuite ignored="0" hostname="Satish" failures="0" tests="12" name="Test" time="80.989" errors="0" timestamp="2025-04-12T10:37:58 IST">
  <testcase classname="TutorialsNinja_Test_Cases.Register" name="verifyRegisteringAnAccountWithMandatoryField" time="3.426"/>
  <testcase classname="TutorialsNinja_Test_Cases.Register" name="verifyRegisteringAccountByProvidingAllFields" time="3.528"/>
  <testcase classname="TutorialsNinja_Test_Cases.Register" name="verifyRegisteringAccountwithExistingEmail" time="2.866"/>
  <testcase classname="TutorialsNinja_Test_Cases.Register" name="verifyRegisteringAccountWithoutFillingAnyDetails" time="2.688"/>
  <testcase classname="TutorialsNinja_Test_Cases.Login" name="verifyLoginWithValidCredentials" time="2.175"/>
  <testcase classname="TutorialsNinja_Test_Cases.Login" name="verifyLoginWithInvalidCredentials" time="1.765"/>
  <testcase classname="TutorialsNinja_Test_Cases.Login" name="verifyLoginWithInvalidEmailAndValidPassword" time="1.659"/>
  <testcase classname="TutorialsNinja_Test_Cases.Login" name="verifyLoginWithValidEmailAndInvalidPassword" time="1.552"/>
  <testcase classname="TutorialsNinja_Test_Cases.Login" name="verifyLoginWithBlankCredentials" time="1.501"/>
  <testcase classname="TutorialsNinja_Test_Cases.Search" name="verifySearchWithValidProduct" time="1.092"/>
  <testcase classname="TutorialsNinja_Test_Cases.Search" name="verifySearchWithInvalidProduct" time="1.221"/>
  <testcase classname="TutorialsNinja_Test_Cases.Search" name="verifySearchWithWithoutAnyProduct" time="0.392"/>
</testsuite> <!-- Test -->
