<?xml version="1.0" encoding="UTF-8"?>
<!-- Generated by org.testng.reporters.JUnitXMLReporter -->
<testsuite ignored="3" hostname="Satish" failures="0" tests="2" name="TestTwo" time="10.297" errors="0" timestamp="2025-04-01T22:45:52 IST">
  <testcase classname="TestNGAnnotations.Annotations" name="verifyUserLoginwithValidUserNameandInvalidPassword" time="1.748"/>
  <testcase classname="TestNGAnnotations.Annotations" name="verifyUserLoginwithWithoutGivingCredentials" time="1.865"/>
  <testcase classname="TestNGAnnotations.Annotations" name="verifyUserLoginwithInValidCredentials" time="0.0">
    <ignored/>
  </testcase> <!-- verifyUserLoginwithInValidCredentials -->
  <testcase classname="TestNGAnnotations.Annotations" name="verifyUserLoginwithInvalidUserNameandValidPassword" time="0.0">
    <ignored/>
  </testcase> <!-- verifyUserLoginwithInvalidUserNameandValidPassword -->
  <testcase classname="TestNGAnnotations.Annotations" name="verifyUserLoginwithValidCredentials" time="0.0">
    <ignored/>
  </testcase> <!-- verifyUserLoginwithValidCredentials -->
</testsuite> <!-- TestTwo -->
