<?xml version="1.0" encoding="UTF-8"?>
<!-- Generated by org.testng.reporters.JUnitXMLReporter -->
<testsuite ignored="2" hostname="Satish" failures="2" tests="3" name="TestOne" time="21.057" errors="0" timestamp="2025-04-01T22:45:42 IST">
  <testcase classname="TestNGAnnotations.Annotations" name="verifyUserLoginwithValidCredentials" time="1.984"/>
  <testcase classname="TestNGAnnotations.Annotations" name="verifyUserLoginwithInvalidUserNameandValidPassword" time="2.558">
    <failure type="java.lang.AssertionError" message="expected [Warning: No match for E-Mail Address and/or Password.] but found [Warning: Your account has exceeded allowed number of login attempts. Please try again in 1 hour.]">
      <![CDATA[java.lang.AssertionError: expected [Warning: No match for E-Mail Address and/or Password.] but found [Warning: Your account has exceeded allowed number of login attempts. Please try again in 1 hour.]
at TestNGAnnotations.Annotations.verifyUserLoginwithInvalidUserNameandValidPassword(Annotations.java:102)
at java.base/java.util.ArrayList.forEach(ArrayList.java:1596)
... Removed 31 stack frames]]>
    </failure>
  </testcase> <!-- verifyUserLoginwithInvalidUserNameandValidPassword -->
  <testcase classname="TestNGAnnotations.Annotations" name="verifyUserLoginwithInValidCredentials" time="2.526">
    <failure type="java.lang.AssertionError" message="expected [Warning: No match for E-Mail Address and/or Password.] but found [Warning: Your account has exceeded allowed number of login attempts. Please try again in 1 hour.]">
      <![CDATA[java.lang.AssertionError: expected [Warning: No match for E-Mail Address and/or Password.] but found [Warning: Your account has exceeded allowed number of login attempts. Please try again in 1 hour.]
at TestNGAnnotations.Annotations.verifyUserLoginwithInValidCredentials(Annotations.java:127)
at java.base/java.util.ArrayList.forEach(ArrayList.java:1596)
... Removed 31 stack frames]]>
    </failure>
  </testcase> <!-- verifyUserLoginwithInValidCredentials -->
  <testcase classname="TestNGAnnotations.Annotations" name="verifyUserLoginwithValidUserNameandInvalidPassword" time="0.0">
    <ignored/>
  </testcase> <!-- verifyUserLoginwithValidUserNameandInvalidPassword -->
  <testcase classname="TestNGAnnotations.Annotations" name="verifyUserLoginwithWithoutGivingCredentials" time="0.0">
    <ignored/>
  </testcase> <!-- verifyUserLoginwithWithoutGivingCredentials -->
</testsuite> <!-- TestOne -->
