<?xml version="1.0" encoding="UTF-8"?>
<testng-results ignored="0" total="2" passed="2" failed="0" skipped="0">
  <reporter-output>
  </reporter-output>
  <suite started-at="2025-03-31T23:03:26 IST" name="Default suite" finished-at="2025-03-31T23:03:36 IST" duration-ms="9691">
    <groups>
    </groups>
    <test started-at="2025-03-31T23:03:26 IST" name="Default test" finished-at="2025-03-31T23:03:36 IST" duration-ms="9691">
      <class name="com.TutorialsNinja.Login">
        <test-method signature="VerifyLoginWithValidCredentials()[pri:1, instance:com.TutorialsNinja.Login@41d477ed]" started-at="2025-03-31T23:03:26 IST" name="VerifyLoginWithValidCredentials" finished-at="2025-03-31T23:03:32 IST" duration-ms="5643" status="PASS">
          <reporter-output>
          </reporter-output>
        </test-method> <!-- VerifyLoginWithValidCredentials -->
        <test-method signature="VerifyLoginWithInvalidCredentials()[pri:2, instance:com.TutorialsNinja.Login@41d477ed]" started-at="2025-03-31T23:03:32 IST" name="VerifyLoginWithInvalidCredentials" finished-at="2025-03-31T23:03:36 IST" duration-ms="3981" status="PASS">
          <reporter-output>
          </reporter-output>
        </test-method> <!-- VerifyLoginWithInvalidCredentials -->
      </class> <!-- com.TutorialsNinja.Login -->
    </test> <!-- Default test -->
  </suite> <!-- Default suite -->
</testng-results>
