<?xml version="1.0" encoding="UTF-8"?>
<!-- Generated by org.testng.reporters.JUnitXMLReporter -->
<testsuite ignored="0" hostname="Satish" failures="0" tests="5" name="LoginTest" time="0.119" errors="0" timestamp="2025-04-03T06:15:50 IST">
  <testcase classname="Test_Cases.Login" name="loginWithValidCredentials" time="0.023"/>
  <testcase classname="Test_Cases.Login" name="loginWithValidEmailAndInvalidPassword" time="0.003"/>
  <testcase classname="Test_Cases.Login" name="loginWithInvalidEmailAndValidPassword" time="0.004"/>
  <testcase classname="Test_Cases.Login" name="loginWithInvalidCredentaials" time="0.004"/>
  <testcase classname="Test_Cases.Login" name="loginWithoutProvidingCredentials" time="0.002"/>
</testsuite> <!-- LoginTest -->
