<?xml version="1.0" encoding="UTF-8"?>
<!-- Generated by org.testng.reporters.JUnitXMLReporter -->
<testsuite ignored="2" hostname="Satish" failures="0" tests="2" name="RegisterTest" time="0.013" errors="0" timestamp="2025-04-03T06:09:52 IST">
  <testcase classname="Test_Cases.Register" name="RegisterByProvidingAllFields" time="0.003"/>
  <testcase classname="Test_Cases.Register" name="RegisterByNotProvidingAnyFields" time="0.002"/>
  <testcase classname="Test_Cases.Register" name="RegisterByProvidingDuplicateEmailAddress" time="0.0">
    <ignored/>
  </testcase> <!-- RegisterByProvidingDuplicateEmailAddress -->
  <testcase classname="Test_Cases.Register" name="RegisterByProvidingMandatoryFields" time="0.0">
    <ignored/>
  </testcase> <!-- RegisterByProvidingMandatoryFields -->
</testsuite> <!-- RegisterTest -->
