<?xml version="1.0" encoding="UTF-8"?>
<!-- Generated by org.testng.reporters.JUnitXMLReporter -->
<testsuite ignored="2" hostname="Satish" failures="0" tests="1" name="SearchTest" time="0.006" errors="0" timestamp="2025-04-03T06:09:52 IST">
  <testcase classname="Test_Cases.Search" name="SearchForValidProduct" time="0.003"/>
  <testcase classname="Test_Cases.Search" name="SearchWithoutAnySearchTeams" time="0.0">
    <ignored/>
  </testcase> <!-- SearchWithoutAnySearchTeams -->
  <testcase classname="Test_Cases.Search" name="SearchForAnInValidProduct" time="0.0">
    <ignored/>
  </testcase> <!-- SearchForAnInValidProduct -->
</testsuite> <!-- SearchTest -->
