<?xml version="1.0" encoding="UTF-8"?>
<!-- Generated by org.testng.reporters.JUnitXMLReporter -->
<testsuite ignored="0" hostname="Satish" failures="0" tests="12" name="Test" time="0.204" errors="0" timestamp="2025-04-03T05:55:33 IST">
  <testcase classname="Test_Cases.Register" name="RegisterByProvidingMandatoryFields" time="0.031"/>
  <testcase classname="Test_Cases.Register" name="RegisterByProvidingAllFields" time="0.003"/>
  <testcase classname="Test_Cases.Register" name="RegisterByNotProvidingAnyFields" time="0.003"/>
  <testcase classname="Test_Cases.Register" name="RegisterByProvidingDuplicateEmailAddress" time="0.002"/>
  <testcase classname="Test_Cases.Login" name="loginWithValidCredentials" time="0.005"/>
  <testcase classname="Test_Cases.Login" name="loginWithValidEmailAndInvalidPassword" time="0.004"/>
  <testcase classname="Test_Cases.Login" name="loginWithInvalidEmailAndValidPassword" time="0.006"/>
  <testcase classname="Test_Cases.Login" name="loginWithInvalidCredentaials" time="0.005"/>
  <testcase classname="Test_Cases.Login" name="loginWithoutProvidingCredentials" time="0.002"/>
  <testcase classname="Test_Cases.Search" name="SearchForValidProduct" time="0.002"/>
  <testcase classname="Test_Cases.Search" name="SearchForAnInValidProduct" time="0.003"/>
  <testcase classname="Test_Cases.Search" name="SearchWithoutAnySearchTeams" time="0.002"/>
</testsuite> <!-- Test -->
